<?xml version="1.0" encoding="UTF-8"?>
<!-- Generated by org.testng.reporters.JUnitReportReporter -->
<testsuite hostname="LAPTOP-QU0CJ3PU" failures="0" tests="1" name="Sample_automation.Red_bus" time="179.983" errors="0" timestamp="2025-01-03T21:22:29 IST" skipped="0">
  <testcase classname="Sample_automation.Red_bus" name="Bookingbus" time="179.983"/>
</testsuite> <!-- Sample_automation.Red_bus -->
